<?xml version="1.0" encoding="UTF-8"?>
<!-- Generated by org.testng.reporters.JUnitXMLReporter -->
<testsuite hostname="INLaptop140.local" name="Default test" tests="1" failures="1" timestamp="4 Jun 2020 18:10:58 GMT" time="80.678" errors="0">
  <testcase name="ISM_MAP_Page_onDevice" time="78.242" classname="com.galenframework.java.sample.tests.ISMMapPage">
    <failure type="com.galenframework.support.LayoutValidationException" message="/specs/ISMMapPage.spec, tags: [desktop]
  - &amp;quot;header-infoicon&amp;quot; is 63px top instead of 60px (/specs/ISMMapPage.spec:160)
  - &amp;quot;header-infoicon&amp;quot; is 9px top instead of 6px, is 4px bottom instead of 7px (/specs/ISMMapPage.spec:163)
  - &amp;quot;header-qty&amp;quot; is 16px below &amp;quot;header-infoicon&amp;quot; instead of 19px (/specs/ISMMapPage.spec:243)
">
      <![CDATA[com.galenframework.support.LayoutValidationException: /specs/ISMMapPage.spec, tags: [desktop]
  - "header-infoicon" is 63px top instead of 60px (/specs/ISMMapPage.spec:160)
  - "header-infoicon" is 9px top instead of 6px, is 4px bottom instead of 7px (/specs/ISMMapPage.spec:163)
  - "header-qty" is 16px below "header-infoicon" instead of 19px (/specs/ISMMapPage.spec:243)

	at com.galenframework.support.GalenJavaTestBase.checkLayout(GalenJavaTestBase.java:129)
	at com.galenframework.support.GalenJavaTestBase.checkLayout(GalenJavaTestBase.java:111)
	at com.galenframework.java.sample.tests.ISMMapPage.ISM_MAP_Page_onDevice(ISMMapPage.java:77)
	at sun.reflect.NativeMethodAccessorImpl.invoke0(Native Method)
	at sun.reflect.NativeMethodAccessorImpl.invoke(NativeMethodAccessorImpl.java:62)
	at sun.reflect.DelegatingMethodAccessorImpl.invoke(DelegatingMethodAccessorImpl.java:43)
	at java.lang.reflect.Method.invoke(Method.java:498)
	at org.testng.internal.MethodInvocationHelper.invokeMethod(MethodInvocationHelper.java:80)
	at org.testng.internal.Invoker.invokeMethod(Invoker.java:715)
	at org.testng.internal.Invoker.invokeTestMethod(Invoker.java:907)
	at org.testng.internal.Invoker.invokeTestMethods(Invoker.java:1237)
	at org.testng.internal.TestMethodWorker.invokeTestMethods(TestMethodWorker.java:127)
	at org.testng.internal.TestMethodWorker.run(TestMethodWorker.java:111)
	at org.testng.TestRunner.privateRun(TestRunner.java:767)
	at org.testng.TestRunner.run(TestRunner.java:617)
	at org.testng.SuiteRunner.runTest(SuiteRunner.java:334)
	at org.testng.SuiteRunner.runSequentially(SuiteRunner.java:329)
	at org.testng.SuiteRunner.privateRun(SuiteRunner.java:291)
	at org.testng.SuiteRunner.run(SuiteRunner.java:240)
	at org.testng.SuiteRunnerWorker.runSuite(SuiteRunnerWorker.java:51)
	at org.testng.SuiteRunnerWorker.run(SuiteRunnerWorker.java:85)
	at org.testng.TestNG.runSuitesSequentially(TestNG.java:1197)
	at org.testng.TestNG.runSuitesLocally(TestNG.java:1122)
	at org.testng.TestNG.run(TestNG.java:1030)
	at org.testng.remote.AbstractRemoteTestNG.run(AbstractRemoteTestNG.java:114)
	at org.testng.remote.RemoteTestNG.initAndRun(RemoteTestNG.java:251)
	at org.testng.remote.RemoteTestNG.main(RemoteTestNG.java:77)
]]>
    </failure>
  </testcase> <!-- ISM_MAP_Page_onDevice -->
</testsuite> <!-- Default test -->
