<?xml version="1.0" encoding="UTF-8"?>
<!-- Generated by org.testng.reporters.JUnitXMLReporter -->
<testsuite hostname="INLaptop140.local" name="Test" tests="3" failures="0" timestamp="1 Jun 2020 14:49:42 GMT" time="242.229" errors="0">
  <testcase name="ISM_Landing_Page_onDevice" time="77.726" classname="com.galenframework.java.sample.tests.ISMPurchasePage"/>
  <testcase name="ISM_MAP_Page_onDevice" time="61.273" classname="com.galenframework.java.sample.tests.ISMMapPage"/>
  <testcase name="ISM_MAP_Page_onDevice" time="99.688" classname="com.galenframework.java.sample.tests.ISMEventInfoPage"/>
</testsuite> <!-- Test -->
